<?xml version="1.0" encoding="UTF-8"?>
<testng-results ignored="0" total="1" passed="0" failed="1" skipped="0">
  <reporter-output>
  </reporter-output>
  <suite started-at="2023-03-10T13:00:53 GMT" name="All Test Suite" finished-at="2023-03-10T13:01:29 GMT" duration-ms="36061">
    <groups>
      <group name="cucumber">
        <method signature="AbstractTestNGCucumberTests.runScenario(io.cucumber.testng.PickleWrapper,io.cucumber.testng.FeatureWrapper)[pri:0, instance:TestRunner.TestRunner@304bb45b]" name="runScenario" class="io.cucumber.testng.AbstractTestNGCucumberTests"/>
      </group> <!-- cucumber -->
    </groups>
    <test started-at="2023-03-10T13:00:53 GMT" name="C:/Users/ssent/IdeaProjects/org.Smartbazar.com" finished-at="2023-03-10T13:01:29 GMT" duration-ms="36061">
      <class name="TestRunner.TestRunner">
        <test-method is-config="true" signature="setUpClass(org.testng.ITestContext)[pri:0, instance:TestRunner.TestRunner@304bb45b]" started-at="2023-03-10T13:00:53 GMT" name="setUpClass" finished-at="2023-03-10T13:00:54 GMT" duration-ms="1177" status="PASS">
          <params>
            <param index="0">
              <value>
                <![CDATA[org.testng.TestRunner@3458eca5]]>
              </value>
            </param>
          </params>
          <reporter-output>
          </reporter-output>
        </test-method> <!-- setUpClass -->
        <test-method signature="runScenario(io.cucumber.testng.PickleWrapper,io.cucumber.testng.FeatureWrapper)[pri:0, instance:TestRunner.TestRunner@304bb45b]" started-at="2023-03-10T13:00:54 GMT" name="runScenario" description="Runs Cucumber Scenarios" data-provider="scenarios" finished-at="2023-03-10T13:01:28 GMT" duration-ms="33841" status="FAIL">
          <params>
            <param index="0">
              <value>
                <![CDATA["User wants to check the whether the application is opening or not."]]>
              </value>
            </param>
            <param index="1">
              <value>
                <![CDATA["Test case for checking the title of the application."]]>
              </value>
            </param>
          </params>
          <exception class="java.lang.AssertionError">
            <message>
              <![CDATA[expected [https://www.smartbazaar.com/] but found [Smartbazaar – World of Asian Foods]]]>
            </message>
            <full-stacktrace>
              <![CDATA[java.lang.AssertionError: expected [https://www.smartbazaar.com/] but found [Smartbazaar – World of Asian Foods]
at org.testng.Assert.fail(Assert.java:110)
at org.testng.Assert.failNotEquals(Assert.java:1577)
at org.testng.Assert.assertEqualsImpl(Assert.java:149)
at org.testng.Assert.assertEquals(Assert.java:131)
at org.testng.Assert.assertEquals(Assert.java:655)
at org.testng.Assert.assertEquals(Assert.java:665)
at StepDefinition.TestCase1.user_verifies_the_title_of_the_application(TestCase1.java:24)
at ✽.User verifies the title of the application(file:///C:/Users/ssent/IdeaProjects/org.Smartbazar.com/src/test/resources/Feature/TestCase1.feature:6)
]]>
            </full-stacktrace>
          </exception> <!-- java.lang.AssertionError -->
          <reporter-output>
          </reporter-output>
        </test-method> <!-- runScenario -->
        <test-method is-config="true" signature="tearDownClass()[pri:0, instance:TestRunner.TestRunner@304bb45b]" started-at="2023-03-10T13:01:29 GMT" name="tearDownClass" finished-at="2023-03-10T13:01:29 GMT" duration-ms="398" status="PASS">
          <reporter-output>
          </reporter-output>
        </test-method> <!-- tearDownClass -->
      </class> <!-- TestRunner.TestRunner -->
    </test> <!-- C:/Users/ssent/IdeaProjects/org.Smartbazar.com -->
  </suite> <!-- All Test Suite -->
</testng-results>
